#
# There is insufficient memory for the Java Runtime Environment to continue.
# Native memory allocation (malloc) failed to allocate 1048576 bytes for AllocateHeap
# Possible reasons:
#   The system is out of physical RAM or swap space
#   In 32 bit mode, the process size limit was hit
# Possible solutions:
#   Reduce memory load on the system
#   Increase physical memory or swap space
#   Check if swap backing store is full
#   Use 64 bit Java on a 64 bit OS
#   Decrease Java heap size (-Xmx/-Xms)
#   Decrease number of Java threads
#   Decrease Java thread stack sizes (-Xss)
#   Set larger code cache with -XX:ReservedCodeCacheSize=
# This output file may be truncated or incomplete.
#
#  Out of Memory Error (memory/allocation.inline.hpp:61), pid=12008, tid=0x0000000000002204
#
# JRE version:  (8.0_172-b11) (build )
# Java VM: Java HotSpot(TM) 64-Bit Server VM (25.172-b11 mixed mode windows-amd64 compressed oops)
# Failed to write core dump. Minidumps are not enabled by default on client versions of Windows
#

---------------  T H R E A D  ---------------

Current thread (0x00000000013be800):  JavaThread "Unknown thread" [_thread_in_vm, id=8708, stack(0x0000000002c00000,0x0000000002d00000)]

Stack: [0x0000000002c00000,0x0000000002d00000]
[error occurred during error reporting (printing stack bounds), id 0xc0000005]

Native frames: (J=compiled Java code, j=interpreted, Vv=VM code, C=native code)


---------------  P R O C E S S  ---------------

Java Threads: ( => current thread )

Other Threads:

=>0x00000000013be800 (exited) JavaThread "Unknown thread" [_thread_in_vm, id=8708, stack(0x0000000002c00000,0x0000000002d00000)]

VM state:not at safepoint (normal execution)

VM Mutex/Monitor currently owned by a thread: None

Heap:
 PSYoungGen      total 38400K, used 665K [0x00000000d5b80000, 0x00000000d8600000, 0x0000000100000000)
  eden space 33280K, 2% used [0x00000000d5b80000,0x00000000d5c26670,0x00000000d7c00000)
  from space 5120K, 0% used [0x00000000d8100000,0x00000000d8100000,0x00000000d8600000)
  to   space 5120K, 0% used [0x00000000d7c00000,0x00000000d7c00000,0x00000000d8100000)
 ParOldGen       total 87552K, used 0K [0x0000000081200000, 0x0000000086780000, 0x00000000d5b80000)
  object space 87552K, 0% used [0x0000000081200000,0x0000000081200000,0x0000000086780000)
 Metaspace       used 775K, capacity 4480K, committed 4480K, reserved 1056768K
  class space    used 76K, capacity 384K, committed 384K, reserved 1048576K

Card table byte_map: [0x00000000121c0000,0x00000000125c0000] byte_map_base: 0x0000000011db7000

Marking Bits: (ParMarkBitMap*) 0x000000005abe3c10
 Begin Bits: [0x0000000012c70000, 0x0000000014c28000)
 End Bits:   [0x0000000014c28000, 0x0000000016be0000)

Polling page: 0x0000000001370000

CodeCache: size=245760Kb used=328Kb max_used=328Kb free=245431Kb
 bounds [0x0000000002e00000, 0x0000000003070000, 0x0000000011e00000]
 total_blobs=58 nmethods=0 adapters=38
 compilation: enabled

Compilation events (0 events):
No events

GC Heap History (0 events):
No events

Deoptimization events (0 events):
No events

Classes redefined (0 events):
No events

Internal exceptions (0 events):
No events

Events (10 events):
Event: 0.127 loading class java/lang/Short
Event: 0.127 loading class java/lang/Short done
Event: 0.127 loading class java/lang/Integer
Event: 0.128 loading class java/lang/Integer done
Event: 0.128 loading class java/lang/Long
Event: 0.128 loading class java/lang/Long done
Event: 0.130 loading class java/lang/NullPointerException
Event: 0.130 loading class java/lang/NullPointerException done
Event: 0.130 loading class java/lang/ArithmeticException
Event: 0.130 loading class java/lang/ArithmeticException done


Dynamic libraries:
0x00007ff647060000 - 0x00007ff647097000 	C:\Program Files\Java\jdk1.8.0_172\bin\java.exe
0x00007ff97f9e0000 - 0x00007ff97fbd0000 	C:\WINDOWS\SYSTEM32\ntdll.dll
0x00007ff97daf0000 - 0x00007ff97dba2000 	C:\WINDOWS\System32\KERNEL32.DLL
0x00007ff97cf40000 - 0x00007ff97d1e4000 	C:\WINDOWS\System32\KERNELBASE.dll
0x00007ff97f3f0000 - 0x00007ff97f493000 	C:\WINDOWS\System32\ADVAPI32.dll
0x00007ff97dd90000 - 0x00007ff97de2e000 	C:\WINDOWS\System32\msvcrt.dll
0x00007ff97de30000 - 0x00007ff97dec7000 	C:\WINDOWS\System32\sechost.dll
0x00007ff97eb90000 - 0x00007ff97ecb0000 	C:\WINDOWS\System32\RPCRT4.dll
0x00007ff97f1d0000 - 0x00007ff97f364000 	C:\WINDOWS\System32\USER32.dll
0x00007ff97ccd0000 - 0x00007ff97ccf1000 	C:\WINDOWS\System32\win32u.dll
0x00007ff97dbb0000 - 0x00007ff97dbd6000 	C:\WINDOWS\System32\GDI32.dll
0x00007ff97cda0000 - 0x00007ff97cf34000 	C:\WINDOWS\System32\gdi32full.dll
0x00007ff97cd00000 - 0x00007ff97cd9e000 	C:\WINDOWS\System32\msvcp_win.dll
0x00007ff97d9f0000 - 0x00007ff97daea000 	C:\WINDOWS\System32\ucrtbase.dll
0x00007ff969a70000 - 0x00007ff969cf4000 	C:\WINDOWS\WinSxS\amd64_microsoft.windows.common-controls_6595b64144ccf1df_6.0.18362.836_none_e6c4b943130f18ed\COMCTL32.dll
0x00007ff97ee10000 - 0x00007ff97f146000 	C:\WINDOWS\System32\combase.dll
0x00007ff97d970000 - 0x00007ff97d9f0000 	C:\WINDOWS\System32\bcryptPrimitives.dll
0x00007ff97f6b0000 - 0x00007ff97f6de000 	C:\WINDOWS\System32\IMM32.DLL
0x000000005a2e0000 - 0x000000005a3b2000 	C:\Program Files\Java\jdk1.8.0_172\jre\bin\msvcr100.dll
0x000000005a3c0000 - 0x000000005ac63000 	C:\Program Files\Java\jdk1.8.0_172\jre\bin\server\jvm.dll
0x00007ff97ea30000 - 0x00007ff97ea38000 	C:\WINDOWS\System32\PSAPI.DLL
0x00007ff96fe30000 - 0x00007ff96fe39000 	C:\WINDOWS\SYSTEM32\WSOCK32.dll
0x00007ff97ea40000 - 0x00007ff97eaaf000 	C:\WINDOWS\System32\WS2_32.dll
0x00007ff97a850000 - 0x00007ff97a874000 	C:\WINDOWS\SYSTEM32\WINMM.dll
0x00007ff971950000 - 0x00007ff97195a000 	C:\WINDOWS\SYSTEM32\VERSION.dll
0x00007ff97a2d0000 - 0x00007ff97a2fd000 	C:\WINDOWS\SYSTEM32\winmmbase.dll
0x00007ff97cc80000 - 0x00007ff97ccca000 	C:\WINDOWS\System32\cfgmgr32.dll
0x000000005a290000 - 0x000000005a29f000 	C:\Program Files\Java\jdk1.8.0_172\jre\bin\verify.dll
0x000000005a260000 - 0x000000005a289000 	C:\Program Files\Java\jdk1.8.0_172\jre\bin\java.dll
0x000000005a240000 - 0x000000005a256000 	C:\Program Files\Java\jdk1.8.0_172\jre\bin\zip.dll

VM Arguments:
jvm_args: -Dfile.encoding=UTF-8 
java_command: Vista.Vista
java_class_path (initial): C:\Users\Admin\Documents\NetBeansProjects\EstructuraDatos\Universidad40%\build\classes
Launcher Type: SUN_STANDARD

Environment Variables:
JAVA_HOME=C:\Program Files\Java\jdk1.8.0_172
PATH=C:\Program Files (x86)\Common Files\Oracle\Java\javapath;C:\WINDOWS\system32;C:\WINDOWS;C:\WINDOWS\System32\Wbem;C:\WINDOWS\System32\WindowsPowerShell\v1.0\;C:\ProgramData\chocolatey\bin;C:\Program Files\Git\cmd;C:\WINDOWS\System32\OpenSSH\;C:\Program Files (x86)\Intel\Intel(R) Management Engine Components\DAL;C:\Program Files\Intel\Intel(R) Management Engine Components\DAL;C:\Users\Admin\AppData\Local\Android\Sdk\tools;C:\gradle-6.0.1\bin;C:\Program Files\nodejs\;C:\Program Files\MySQL\MySQL Server 8.0\bin;C:\Go\bin;C:\Program Files\PuTTY\;C:\Program Files\MySQL\MySQL Shell 8.0\bin\;C:\Users\Admin\AppData\Local\Programs\Python\Python38-32\Scripts\;C:\Users\Admin\AppData\Local\Programs\Python\Python38-32\;C:\Users\Admin\AppData\Local\Microsoft\WindowsApps;C:\Users\Admin\AppData\Local\Programs\Microsoft VS Code\bin;C:\Users\Admin\AppData\Local\Microsoft\WindowsApps;C:\Program Files\MongoDB\Server\4.2\bin;C:\Program Files\heroku\bin;C:\Users\Admin\AppData\Roaming\npm;C:\Program Files (x86)\Ardesia\bin;C:\Users\Admin\go\bin
USERNAME=Admin
OS=Windows_NT
PROCESSOR_IDENTIFIER=Intel64 Family 6 Model 61 Stepping 4, GenuineIntel



---------------  S Y S T E M  ---------------

OS: Windows 10.0 , 64 bit Build 18362 (10.0.18362.778)

CPU:total 4 (initial active 4) (2 cores per cpu, 2 threads per core) family 6 model 61 stepping 4, cmov, cx8, fxsr, mmx, sse, sse2, sse3, ssse3, sse4.1, sse4.2, popcnt, avx, avx2, aes, clmul, erms, 3dnowpref, lzcnt, ht, tsc, tscinvbit, bmi1, bmi2, adx

Memory: 4k page, physical 8307120k(594528k free), swap 8307120k(5232k free)

vm_info: Java HotSpot(TM) 64-Bit Server VM (25.172-b11) for windows-amd64 JRE (1.8.0_172-b11), built on Mar 28 2018 21:21:52 by "java_re" with MS VC++ 10.0 (VS2010)

time: Thu Jun 11 10:46:56 2020
elapsed time: 0 seconds (0d 0h 0m 0s)

